<?xml version="1.0" encoding="UTF-8"?>
<coverage generated="1639000878211" clover="3.2.0">
  <project timestamp="1639000878211" name="All files">
    <metrics statements="24" coveredstatements="23" conditionals="10" coveredconditionals="9" methods="5" coveredmethods="5" elements="39" coveredelements="37" complexity="0" loc="24" ncloc="24" packages="1" files="2" classes="2">
      <file name="App.js" path="/home/piffy/Documenti/develop/Level-Up-JavaScript-Testing-101/src/App.js">
        <metrics statements="19" coveredstatements="19" conditionals="8" coveredconditionals="7" methods="4" coveredmethods="4"/>
        <line num="3" count="3" type="stmt"/>
        <line num="7" count="2" type="stmt"/>
        <line num="8" count="2" type="stmt"/>
        <line num="9" count="2" type="cond" truecount="2" falsecount="0"/>
        <line num="10" count="4" type="stmt"/>
        <line num="11" count="4" type="cond" truecount="2" falsecount="0"/>
        <line num="12" count="2" type="stmt"/>
        <line num="13" count="2" type="cond" truecount="1" falsecount="1"/>
        <line num="14" count="2" type="stmt"/>
        <line num="17" count="2" type="cond" truecount="2" falsecount="0"/>
        <line num="21" count="1" type="stmt"/>
        <line num="22" count="1" type="stmt"/>
        <line num="23" count="1" type="stmt"/>
        <line num="24" count="2" type="stmt"/>
        <line num="29" count="1" type="stmt"/>
        <line num="30" count="1" type="stmt"/>
        <line num="31" count="2" type="stmt"/>
        <line num="32" count="2" type="stmt"/>
        <line num="35" count="1" type="stmt"/>
      </file>
      <file name="gioco.js" path="/home/piffy/Documenti/develop/Level-Up-JavaScript-Testing-101/src/gioco.js">
        <metrics statements="5" coveredstatements="4" conditionals="2" coveredconditionals="2" methods="1" coveredmethods="1"/>
        <line num="3" count="3" type="stmt"/>
        <line num="4" count="3" type="cond" truecount="2" falsecount="0"/>
        <line num="5" count="1" type="stmt"/>
        <line num="6" count="2" type="stmt"/>
        <line num="8" count="0" type="stmt"/>
      </file>
    </metrics>
  </project>
</coverage>
