{"/home/piffy/Documenti/develop/Level-Up-JavaScript-Testing-101/src/App.js": {"path":"/home/piffy/Documenti/develop/Level-Up-JavaScript-Testing-101/src/App.js","statementMap":{"0":{"start":{"line":3,"column":23},"end":{"line":3,"column":24}},"1":{"start":{"line":7,"column":27},"end":{"line":7,"column":28}},"2":{"start":{"line":8,"column":27},"end":{"line":8,"column":28}},"3":{"start":{"line":9,"column":2},"end":{"line":16,"column":3}},"4":{"start":{"line":10,"column":22},"end":{"line":10,"column":68}},"5":{"start":{"line":11,"column":4},"end":{"line":15,"column":5}},"6":{"start":{"line":12,"column":6},"end":{"line":12,"column":26}},"7":{"start":{"line":13,"column":11},"end":{"line":15,"column":5}},"8":{"start":{"line":14,"column":6},"end":{"line":14,"column":26}},"9":{"start":{"line":17,"column":2},"end":{"line":17,"column":74}},"10":{"start":{"line":21,"column":0},"end":{"line":21,"column":27}},"11":{"start":{"line":22,"column":0},"end":{"line":22,"column":16}},"12":{"start":{"line":23,"column":0},"end":{"line":25,"column":3}},"13":{"start":{"line":24,"column":3},"end":{"line":24,"column":24}},"14":{"start":{"line":29,"column":13},"end":{"line":29,"column":15}},"15":{"start":{"line":30,"column":2},"end":{"line":33,"column":3}},"16":{"start":{"line":31,"column":4},"end":{"line":31,"column":45}},"17":{"start":{"line":32,"column":4},"end":{"line":32,"column":24}},"18":{"start":{"line":35,"column":2},"end":{"line":35,"column":15}}},"fnMap":{"0":{"name":"pariDispari","decl":{"start":{"line":6,"column":16},"end":{"line":6,"column":27}},"loc":{"start":{"line":6,"column":52},"end":{"line":18,"column":1}},"line":6},"1":{"name":"setup","decl":{"start":{"line":20,"column":16},"end":{"line":20,"column":21}},"loc":{"start":{"line":20,"column":43},"end":{"line":26,"column":1}},"line":20},"2":{"name":"(anonymous_2)","decl":{"start":{"line":23,"column":18},"end":{"line":23,"column":19}},"loc":{"start":{"line":23,"column":29},"end":{"line":25,"column":1}},"line":23},"3":{"name":"leaderBoard","decl":{"start":{"line":28,"column":16},"end":{"line":28,"column":27}},"loc":{"start":{"line":28,"column":30},"end":{"line":36,"column":3}},"line":28}},"branchMap":{"0":{"loc":{"start":{"line":9,"column":9},"end":{"line":9,"column":87}},"type":"binary-expr","locations":[{"start":{"line":9,"column":9},"end":{"line":9,"column":46}},{"start":{"line":9,"column":50},"end":{"line":9,"column":87}}],"line":9},"1":{"loc":{"start":{"line":11,"column":4},"end":{"line":15,"column":5}},"type":"if","locations":[{"start":{"line":11,"column":4},"end":{"line":15,"column":5}},{"start":{"line":11,"column":4},"end":{"line":15,"column":5}}],"line":11},"2":{"loc":{"start":{"line":13,"column":11},"end":{"line":15,"column":5}},"type":"if","locations":[{"start":{"line":13,"column":11},"end":{"line":15,"column":5}},{"start":{"line":13,"column":11},"end":{"line":15,"column":5}}],"line":13},"3":{"loc":{"start":{"line":17,"column":9},"end":{"line":17,"column":74}},"type":"cond-expr","locations":[{"start":{"line":17,"column":51},"end":{"line":17,"column":61}},{"start":{"line":17,"column":64},"end":{"line":17,"column":74}}],"line":17}},"s":{"0":3,"1":2,"2":2,"3":2,"4":4,"5":4,"6":2,"7":2,"8":2,"9":2,"10":1,"11":1,"12":1,"13":2,"14":1,"15":1,"16":2,"17":2,"18":1},"f":{"0":2,"1":1,"2":2,"3":1},"b":{"0":[6,5],"1":[2,2],"2":[2,0],"3":[1,1]},"_coverageSchema":"332fd63041d2c1bcb487cc26dd0d5f7d97098a6c","hash":"39139740185de615ead2a770123fe72dfdb96e89"}
,"/home/piffy/Documenti/develop/Level-Up-JavaScript-Testing-101/src/gioco.js": {"path":"/home/piffy/Documenti/develop/Level-Up-JavaScript-Testing-101/src/gioco.js","statementMap":{"0":{"start":{"line":3,"column":14},"end":{"line":3,"column":43}},"1":{"start":{"line":4,"column":4},"end":{"line":7,"column":5}},"2":{"start":{"line":5,"column":16},"end":{"line":5,"column":34}},"3":{"start":{"line":5,"column":35},"end":{"line":5,"column":41}},"4":{"start":{"line":6,"column":16},"end":{"line":6,"column":34}},"5":{"start":{"line":6,"column":36},"end":{"line":6,"column":42}},"6":{"start":{"line":8,"column":4},"end":{"line":8,"column":18}}},"fnMap":{"0":{"name":"ottieniVincitore","decl":{"start":{"line":2,"column":16},"end":{"line":2,"column":32}},"loc":{"start":{"line":2,"column":56},"end":{"line":9,"column":1}},"line":2}},"branchMap":{"0":{"loc":{"start":{"line":4,"column":4},"end":{"line":7,"column":5}},"type":"switch","locations":[{"start":{"line":5,"column":8},"end":{"line":5,"column":41}},{"start":{"line":6,"column":8},"end":{"line":6,"column":42}}],"line":4}},"s":{"0":3,"1":3,"2":1,"3":0,"4":2,"5":0,"6":0},"f":{"0":3},"b":{"0":[1,2]},"_coverageSchema":"332fd63041d2c1bcb487cc26dd0d5f7d97098a6c","hash":"8aa7aa923b0e3f7bc895d3ebb330639c1c082e8f"}
}
