TN:
SF:/home/piffy/Documenti/develop/Level-Up-JavaScript-Testing-101/src/App.js
FN:6,pariDispari
FN:20,setup
FN:23,(anonymous_2)
FN:28,leaderBoard
FNF:4
FNH:4
FNDA:2,pariDispari
FNDA:1,setup
FNDA:2,(anonymous_2)
FNDA:1,leaderBoard
DA:3,3
DA:7,2
DA:8,2
DA:9,2
DA:10,4
DA:11,4
DA:12,2
DA:13,2
DA:14,2
DA:17,2
DA:21,1
DA:22,1
DA:23,1
DA:24,2
DA:29,1
DA:30,1
DA:31,2
DA:32,2
DA:35,1
LF:19
LH:19
BRDA:9,0,0,6
BRDA:9,0,1,5
BRDA:11,1,0,2
BRDA:11,1,1,2
BRDA:13,2,0,2
BRDA:13,2,1,0
BRDA:17,3,0,1
BRDA:17,3,1,1
BRF:8
BRH:7
end_of_record
TN:
SF:/home/piffy/Documenti/develop/Level-Up-JavaScript-Testing-101/src/gioco.js
FN:2,ottieniVincitore
FNF:1
FNH:1
FNDA:3,ottieniVincitore
DA:3,3
DA:4,3
DA:5,1
DA:6,2
DA:8,0
LF:5
LH:4
BRDA:4,0,0,1
BRDA:4,0,1,2
BRF:2
BRH:2
end_of_record
